<?xml version="1.0" encoding="UTF-8"?>
<!-- Generated by org.testng.reporters.JUnitReportReporter -->
<testsuite hostname="LAPTOP-0T7QINT9" failures="0" tests="1" name="certificate.GenerateCertificateTest" time="18.547" errors="0" timestamp="2024-04-05T09:28:22 IST" skipped="0">
  <testcase classname="certificate.GenerateCertificateTest" name="schoolLeavingCertificateTest" time="18.547"/>
  <system-out/>
</testsuite> <!-- certificate.GenerateCertificateTest -->
