<?xml version="1.0" encoding="UTF-8"?>
<!-- Generated by org.testng.reporters.JUnitReportReporter -->
<testsuite hostname="LAPTOP-0T7QINT9" failures="0" tests="1" name="certificate.GenerateCertificateTest" time="31.076" errors="0" timestamp="2024-04-05T10:54:36 IST" skipped="0">
  <testcase classname="certificate.GenerateCertificateTest" name="schoolLeavingCertificateTest" time="31.076"/>
  <system-out/>
</testsuite> <!-- certificate.GenerateCertificateTest -->
